<?xml version="1.0" encoding="UTF-8"?>
<!-- Generated by org.testng.reporters.JUnitReportReporter -->
<testsuite hostname="Sreejiths-MacBook-Air.local" failures="0" tests="1" name="Testscripts.QAbibletestcases" time="22.306" errors="0" timestamp="2025-04-08T21:41:02 IST" skipped="0">
  <testcase classname="Testscripts.QAbibletestcases" name="tc04" time="22.306"/>
</testsuite> <!-- Testscripts.QAbibletestcases -->
