<?xml version="1.0" encoding="UTF-8"?>
<!-- Generated by org.testng.reporters.JUnitReportReporter -->
<testsuite hostname="Sreejiths-MacBook-Air.local" failures="0" tests="1" name="samplepackage.Sampleclass" time="8.259" errors="0" timestamp="2025-04-04T17:38:17 IST" skipped="0">
  <testcase classname="samplepackage.Sampleclass" name="testCase1" time="8.259"/>
</testsuite> <!-- samplepackage.Sampleclass -->
